2023-10-02 10:25:14 INFO  FileProcessor:106 - Copied and processed data file: file.txt
2023-10-02 10:25:14 INFO  FileProcessor:106 - Copied and processed data file: New Text Document.txt
2023-10-02 12:51:02 ERROR FileProcessor:22 - Error processing files: No .csv or .txt file found for existing .trg files in the source folder.
2023-10-02 13:40:29 INFO  FileProcessor:106 - Copied and processed data file: file.txt
2023-10-02 13:40:29 INFO  FileProcessor:106 - Copied and processed data file: New Text Document.txt
2023-10-02 14:53:59 INFO  FileProcessor:106 - Copied and processed data file: file.txt
2023-10-02 14:53:59 INFO  FileProcessor:106 - Copied and processed data file: New Text Document.txt
2023-10-02 14:55:28 ERROR FileProcessor:22 - Error processing files: No .csv or .txt file found for existing .trg files in the source folder.
2023-10-02 14:57:20 INFO  FileProcessor:111 - Copied and processed data file: New Text Document.txt
2023-10-02 15:50:43 INFO  FileProcessor:39 - Deleted the .trg file successfully
2023-10-02 15:50:43 INFO  FileProcessor:39 - Deleted the .trg file successfully
2023-10-02 15:52:46 INFO  FileProcessor:39 - Deleted the .trg file successfully
2023-10-02 15:52:46 INFO  FileProcessor:46 - Processing the .csv file
2023-10-04 10:56:57 INFO  FileProcessor:28 - Started processing files from source folder
2023-10-04 10:57:49 INFO  FileProcessor:28 - Started processing files from source folder
2023-10-04 11:58:23 INFO  FileProcessor:28 - Started processing files from source folder
2023-10-04 11:58:23 INFO  FileProcessor:90 - Processing 1 files. Skipping 1 files as corresponding CSV or data file was absent.
2023-10-04 11:58:23 ERROR FileProcessor:131 - CSV file not found: file.csv (The system cannot find the file specified)
2023-10-04 12:14:54 INFO  FileProcessor:28 - Started processing files from source folder
2023-10-04 12:14:54 INFO  FileProcessor:90 - Processing 1 files. Skipping 1 files as corresponding CSV or data file was absent.
2023-10-04 12:21:29 INFO  FileProcessor:28 - Started processing files from source folder
2023-10-04 12:21:29 INFO  FileProcessor:90 - Processing 1 files. Skipping 1 files as corresponding CSV or data file was absent.
2023-10-04 12:21:29 INFO  FileProcessor:113 - Reading CSV file: C:\Users\DishaSingh\Documents\source\file.csv
2023-10-04 12:24:24 INFO  FileProcessor:28 - Started processing files from source folder
2023-10-04 12:24:24 INFO  FileProcessor:90 - Processing 1 files. Skipping 1 files as corresponding CSV or data file was absent.
2023-10-04 12:24:24 INFO  FileProcessor:113 - Reading CSV file: C:\Users\DishaSingh\Documents\source\file.csv
2023-10-04 12:24:47 INFO  FileProcessor:28 - Started processing files from source folder
2023-10-04 12:24:47 INFO  FileProcessor:90 - Processing 1 files. Skipping 1 files as corresponding CSV or data file was absent.
2023-10-04 12:24:47 INFO  FileProcessor:113 - Reading CSV file: C:\Users\DishaSingh\Documents\source\file.csv
2023-10-04 12:25:07 INFO  FileProcessor:28 - Started processing files from source folder
2023-10-04 12:25:07 INFO  FileProcessor:90 - Processing 1 files. Skipping 1 files as corresponding CSV or data file was absent.
2023-10-04 12:25:07 INFO  FileProcessor:113 - Reading CSV file: C:\Users\DishaSingh\Documents\source\file.csv
2023-10-04 12:28:29 INFO  FileProcessor:28 - Started processing files from source folder
2023-10-04 12:28:29 INFO  FileProcessor:90 - Processing 1 files. Skipping 1 files as corresponding CSV or data file was absent.
2023-10-04 12:28:29 INFO  FileProcessor:111 - Reading CSV file: C:\Users\DishaSingh\Documents\source\file.csv
2023-10-04 12:42:40 INFO  FileProcessor:28 - Started processing files from source folder
2023-10-04 12:42:40 INFO  FileProcessor:90 - Processing 2 files. Skipping 0 files as corresponding CSV or data file was absent.
2023-10-04 12:42:40 INFO  FileProcessor:111 - Reading CSV file: C:\Users\DishaSingh\Documents\source\abc.csv
2023-10-04 12:42:40 INFO  FileProcessor:116 - CSV header: Folder,Create Revision
2023-10-04 12:42:40 INFO  FileProcessor:121 - CSV line: data1,true
2023-10-04 12:42:40 INFO  FileProcessor:128 - Destination folder path: C:\Users\DishaSingh\Documents\destination\data1
2023-10-04 12:42:40 ERROR FileProcessor:132 - Could not process data file as C:\Users\DishaSingh\Documents\destination\data1 does not exist
2023-10-04 12:42:40 INFO  FileProcessor:111 - Reading CSV file: C:\Users\DishaSingh\Documents\source\file.csv
2023-10-04 12:43:42 INFO  FileProcessor:28 - Started processing files from source folder
2023-10-04 12:43:42 INFO  FileProcessor:90 - Processing 2 files. Skipping 0 files as corresponding CSV or data file was absent.
2023-10-04 12:43:42 INFO  FileProcessor:111 - Reading CSV file: C:\Users\DishaSingh\Documents\source\abc.csv
2023-10-04 12:43:42 INFO  FileProcessor:116 - CSV header: Folder,Create Revision
2023-10-04 12:43:42 INFO  FileProcessor:121 - CSV line: data1,true
2023-10-04 12:43:42 INFO  FileProcessor:128 - Destination folder path: C:\Users\DishaSingh\Documents\destination\data1
2023-10-04 12:43:42 ERROR FileProcessor:148 - Source file not found: abc.txt
2023-10-04 12:43:42 INFO  FileProcessor:121 - CSV line: 
2023-10-04 12:43:42 INFO  FileProcessor:111 - Reading CSV file: C:\Users\DishaSingh\Documents\source\file.csv
2023-10-04 12:47:44 INFO  FileProcessor:28 - Started processing files from source folder
2023-10-04 12:47:44 INFO  FileProcessor:90 - Processing 2 files. Skipping 0 files as corresponding CSV or data file was absent.
2023-10-04 12:47:44 INFO  FileProcessor:111 - Reading CSV file: C:\Users\DishaSingh\Documents\source\abc.csv
2023-10-04 12:47:44 INFO  FileProcessor:116 - CSV header: Folder,Create Revision
2023-10-04 12:47:44 INFO  FileProcessor:121 - CSV line: data1,true
2023-10-04 12:47:44 INFO  FileProcessor:128 - Destination folder path: C:\Users\DishaSingh\Documents\destination\data1
2023-10-04 12:47:44 INFO  FileProcessor:187 - Copied and processed data file: abc(1).txt
2023-10-04 12:47:44 INFO  FileProcessor:121 - CSV line: 
2023-10-04 12:47:44 INFO  FileProcessor:111 - Reading CSV file: C:\Users\DishaSingh\Documents\source\file.csv
2023-10-04 12:54:08 INFO  FileProcessor:28 - Started processing files from source folder
2023-10-04 12:54:08 INFO  FileProcessor:90 - Processing 2 files. Skipping 0 files as corresponding CSV or data file was absent.
2023-10-04 12:54:08 INFO  FileProcessor:111 - Reading CSV file: C:\Users\DishaSingh\Documents\source\abc.csv
2023-10-04 12:54:08 INFO  FileProcessor:116 - CSV header: Folder,Create Revision
2023-10-04 12:54:08 INFO  FileProcessor:121 - CSV line: data1,true
2023-10-04 12:54:08 INFO  FileProcessor:128 - Destination folder path: C:\Users\DishaSingh\Documents\destination\data1
2023-10-04 12:54:08 INFO  FileProcessor:187 - Copied and processed data file: abc(1).txt
2023-10-04 12:54:08 INFO  FileProcessor:121 - CSV line: 
2023-10-04 12:54:08 INFO  FileProcessor:111 - Reading CSV file: C:\Users\DishaSingh\Documents\source\file.csv
2023-10-04 12:54:24 INFO  FileProcessor:28 - Started processing files from source folder
2023-10-04 12:54:24 INFO  FileProcessor:90 - Processing 2 files. Skipping 0 files as corresponding CSV or data file was absent.
2023-10-04 12:54:24 INFO  FileProcessor:111 - Reading CSV file: C:\Users\DishaSingh\Documents\source\abc.csv
2023-10-04 12:54:24 INFO  FileProcessor:116 - CSV header: Folder,Create Revision
2023-10-04 12:54:24 INFO  FileProcessor:121 - CSV line: data1,true
2023-10-04 12:54:24 INFO  FileProcessor:128 - Destination folder path: C:\Users\DishaSingh\Documents\destination\data1
2023-10-04 12:54:24 INFO  FileProcessor:187 - Copied and processed data file: abc(1).txt
2023-10-04 12:54:24 INFO  FileProcessor:121 - CSV line: 
2023-10-04 12:54:24 INFO  FileProcessor:111 - Reading CSV file: C:\Users\DishaSingh\Documents\source\file.csv
2023-10-04 12:54:46 INFO  FileProcessor:28 - Started processing files from source folder
2023-10-04 12:54:46 INFO  FileProcessor:90 - Processing 2 files. Skipping 0 files as corresponding CSV or data file was absent.
2023-10-04 12:54:46 INFO  FileProcessor:111 - Reading CSV file: C:\Users\DishaSingh\Documents\source\abc.csv
2023-10-04 12:54:46 INFO  FileProcessor:116 - CSV header: Folder,Create Revision
2023-10-04 12:54:46 INFO  FileProcessor:121 - CSV line: data1,true
2023-10-04 12:54:46 INFO  FileProcessor:128 - Destination folder path: C:\Users\DishaSingh\Documents\destination\data1
2023-10-04 12:54:46 INFO  FileProcessor:187 - Copied and processed data file: abc(1).txt
2023-10-04 12:54:46 INFO  FileProcessor:121 - CSV line: 
2023-10-04 12:54:46 INFO  FileProcessor:111 - Reading CSV file: C:\Users\DishaSingh\Documents\source\file.csv
2023-10-04 12:55:12 INFO  FileProcessor:28 - Started processing files from source folder
2023-10-04 12:55:12 INFO  FileProcessor:90 - Processing 2 files. Skipping 0 files as corresponding CSV or data file was absent.
2023-10-04 12:55:12 INFO  FileProcessor:111 - Reading CSV file: C:\Users\DishaSingh\Documents\source\abc.csv
2023-10-04 12:55:12 INFO  FileProcessor:116 - CSV header: Folder,Create Revision
2023-10-04 12:55:12 INFO  FileProcessor:121 - CSV line: data1,true
2023-10-04 12:55:12 INFO  FileProcessor:128 - Destination folder path: C:\Users\DishaSingh\Documents\destination\data1
2023-10-04 12:55:12 INFO  FileProcessor:187 - Copied and processed data file: abc(1).txt
2023-10-04 12:55:12 INFO  FileProcessor:121 - CSV line: 
2023-10-04 12:55:12 INFO  FileProcessor:111 - Reading CSV file: C:\Users\DishaSingh\Documents\source\file.csv
2023-10-04 12:59:11 INFO  FileProcessor:28 - Started processing files from source folder
2023-10-04 12:59:11 INFO  FileProcessor:90 - Processing 2 files. Skipping 0 files as corresponding CSV or data file was absent.
2023-10-04 12:59:11 INFO  FileProcessor:111 - Reading CSV file: C:\Users\DishaSingh\Documents\source\abc.csv
2023-10-04 12:59:11 INFO  FileProcessor:116 - CSV header: Folder,Create Revision
2023-10-04 12:59:11 INFO  FileProcessor:121 - CSV line: data1,true
2023-10-04 12:59:11 INFO  FileProcessor:128 - Destination folder path: C:\Users\DishaSingh\Documents\destination\data1
2023-10-04 12:59:11 INFO  FileProcessor:192 - Copied and processed data file: abc(2).txt
2023-10-04 12:59:11 INFO  FileProcessor:121 - CSV line: 
2023-10-04 12:59:11 INFO  FileProcessor:111 - Reading CSV file: C:\Users\DishaSingh\Documents\source\file.csv
2023-10-04 12:59:24 INFO  FileProcessor:28 - Started processing files from source folder
2023-10-04 12:59:24 INFO  FileProcessor:90 - Processing 2 files. Skipping 0 files as corresponding CSV or data file was absent.
2023-10-04 12:59:24 INFO  FileProcessor:111 - Reading CSV file: C:\Users\DishaSingh\Documents\source\abc.csv
2023-10-04 12:59:24 INFO  FileProcessor:116 - CSV header: Folder,Create Revision
2023-10-04 12:59:24 INFO  FileProcessor:121 - CSV line: data1,true
2023-10-04 12:59:24 INFO  FileProcessor:128 - Destination folder path: C:\Users\DishaSingh\Documents\destination\data1
2023-10-04 12:59:24 INFO  FileProcessor:192 - Copied and processed data file: abc(3).txt
2023-10-04 12:59:24 INFO  FileProcessor:121 - CSV line: 
2023-10-04 12:59:24 INFO  FileProcessor:111 - Reading CSV file: C:\Users\DishaSingh\Documents\source\file.csv
2023-10-04 13:09:23 INFO  FileProcessor:28 - Started processing files from source folder
2023-10-04 13:09:23 INFO  FileProcessor:90 - Processing 2 files. Skipping 0 files as corresponding CSV or data file was absent.
2023-10-04 13:09:23 INFO  FileProcessor:111 - Reading CSV file: C:\Users\DishaSingh\Documents\source\abc.csv
2023-10-04 13:09:23 INFO  FileProcessor:115 - CSV header: Folder,Create Revision
2023-10-04 13:09:23 INFO  FileProcessor:120 - CSV line: data1,false
2023-10-04 13:09:23 INFO  FileProcessor:127 - Destination folder path: C:\Users\DishaSingh\Documents\destination\data1
2023-10-04 13:09:23 INFO  FileProcessor:197 - Copied and processed data file: abc.txt
2023-10-04 13:09:23 INFO  FileProcessor:120 - CSV line: 
2023-10-04 13:09:23 INFO  FileProcessor:111 - Reading CSV file: C:\Users\DishaSingh\Documents\source\file.csv
2023-10-04 13:09:47 INFO  FileProcessor:28 - Started processing files from source folder
2023-10-04 13:09:47 INFO  FileProcessor:90 - Processing 2 files. Skipping 0 files as corresponding CSV or data file was absent.
2023-10-04 13:09:47 INFO  FileProcessor:111 - Reading CSV file: C:\Users\DishaSingh\Documents\source\abc.csv
2023-10-04 13:09:47 INFO  FileProcessor:115 - CSV header: Folder,Create Revision
2023-10-04 13:09:47 INFO  FileProcessor:120 - CSV line: data1,false
2023-10-04 13:09:47 INFO  FileProcessor:127 - Destination folder path: C:\Users\DishaSingh\Documents\destination\data1
2023-10-04 13:09:47 INFO  FileProcessor:179 - File already exists in destination folder: abc.txt
2023-10-04 13:09:47 INFO  FileProcessor:120 - CSV line: 
2023-10-04 13:09:47 INFO  FileProcessor:111 - Reading CSV file: C:\Users\DishaSingh\Documents\source\file.csv
2023-10-04 13:12:07 INFO  FileProcessor:28 - Started processing files from source folder
2023-10-04 13:12:07 INFO  FileProcessor:90 - Processing 2 files. Skipping 0 files as corresponding CSV or data file was absent.
2023-10-04 13:12:07 INFO  FileProcessor:111 - Reading CSV file: C:\Users\DishaSingh\Documents\source\abc.csv
2023-10-04 13:12:07 INFO  FileProcessor:115 - CSV header: Folder,Create Revision
2023-10-04 13:12:07 INFO  FileProcessor:120 - CSV line: data1,false
2023-10-04 13:12:07 INFO  FileProcessor:127 - Destination folder path: C:\Users\DishaSingh\Documents\destination\data1
2023-10-04 13:12:07 INFO  FileProcessor:202 - Copied and processed data file: abc.txt
2023-10-04 13:12:07 INFO  FileProcessor:120 - CSV line: 
2023-10-04 13:12:07 INFO  FileProcessor:111 - Reading CSV file: C:\Users\DishaSingh\Documents\source\file.csv
2023-10-04 13:12:32 INFO  FileProcessor:28 - Started processing files from source folder
2023-10-04 13:12:32 INFO  FileProcessor:90 - Processing 2 files. Skipping 0 files as corresponding CSV or data file was absent.
2023-10-04 13:12:32 INFO  FileProcessor:111 - Reading CSV file: C:\Users\DishaSingh\Documents\source\abc.csv
2023-10-04 13:12:32 INFO  FileProcessor:115 - CSV header: Folder,Create Revision
2023-10-04 13:12:32 INFO  FileProcessor:120 - CSV line: data1,true
2023-10-04 13:12:32 INFO  FileProcessor:127 - Destination folder path: C:\Users\DishaSingh\Documents\destination\data1
2023-10-04 13:12:32 INFO  FileProcessor:202 - Copied and processed data file: abc.txt
2023-10-04 13:12:32 INFO  FileProcessor:120 - CSV line: 
2023-10-04 13:12:32 INFO  FileProcessor:111 - Reading CSV file: C:\Users\DishaSingh\Documents\source\file.csv
2023-10-04 13:12:51 INFO  FileProcessor:28 - Started processing files from source folder
2023-10-04 13:12:51 INFO  FileProcessor:90 - Processing 2 files. Skipping 0 files as corresponding CSV or data file was absent.
2023-10-04 13:12:51 INFO  FileProcessor:111 - Reading CSV file: C:\Users\DishaSingh\Documents\source\abc.csv
2023-10-04 13:12:51 INFO  FileProcessor:115 - CSV header: Folder,Create Revision
2023-10-04 13:12:51 INFO  FileProcessor:120 - CSV line: data1,true
2023-10-04 13:12:51 INFO  FileProcessor:127 - Destination folder path: C:\Users\DishaSingh\Documents\destination\data1
2023-10-04 13:12:51 INFO  FileProcessor:202 - Copied and processed data file: abc(2).txt
2023-10-04 13:12:51 INFO  FileProcessor:120 - CSV line: 
2023-10-04 13:12:51 INFO  FileProcessor:111 - Reading CSV file: C:\Users\DishaSingh\Documents\source\file.csv
2023-10-04 14:29:56 INFO  FileProcessor:28 - Started processing files from source folder
2023-10-04 14:29:56 INFO  FileProcessor:90 - Processing 2 files. Skipping 0 files as corresponding CSV or data file was absent.
2023-10-04 14:29:56 INFO  FileProcessor:111 - Reading CSV file: C:\Users\DishaSingh\Documents\source\abc.csv
2023-10-04 14:29:56 INFO  FileProcessor:115 - CSV header: Folder,Create Revision
2023-10-04 14:29:56 INFO  FileProcessor:120 - CSV line: data1,true
2023-10-04 14:29:56 INFO  FileProcessor:127 - Destination folder path: C:\Users\DishaSingh\Documents\destination\data1
2023-10-04 14:29:56 INFO  FileProcessor:202 - Copied and processed data file: abc(3).txt
2023-10-04 14:29:56 INFO  FileProcessor:120 - CSV line: 
2023-10-04 14:29:56 INFO  FileProcessor:111 - Reading CSV file: C:\Users\DishaSingh\Documents\source\file.csv
2023-10-04 14:29:56 INFO  FileProcessor:115 - CSV header: Folder,Create Revision
2023-10-04 14:29:56 INFO  FileProcessor:120 - CSV line: data2,true
2023-10-04 14:29:56 INFO  FileProcessor:127 - Destination folder path: C:\Users\DishaSingh\Documents\destination\data2
2023-10-04 14:29:56 INFO  FileProcessor:202 - Copied and processed data file: file.txt
2023-10-04 14:30:29 INFO  FileProcessor:28 - Started processing files from source folder
2023-10-04 14:30:29 INFO  FileProcessor:90 - Processing 2 files. Skipping 0 files as corresponding CSV or data file was absent.
2023-10-04 14:30:29 INFO  FileProcessor:111 - Reading CSV file: C:\Users\DishaSingh\Documents\source\abc.csv
2023-10-04 14:30:29 INFO  FileProcessor:115 - CSV header: Folder,Create Revision
2023-10-04 14:30:29 INFO  FileProcessor:120 - CSV line: data1,true
2023-10-04 14:30:29 INFO  FileProcessor:127 - Destination folder path: C:\Users\DishaSingh\Documents\destination\data1
2023-10-04 14:30:29 INFO  FileProcessor:202 - Copied and processed data file: abc(4).txt
2023-10-04 14:30:29 INFO  FileProcessor:120 - CSV line: 
2023-10-04 14:30:29 INFO  FileProcessor:111 - Reading CSV file: C:\Users\DishaSingh\Documents\source\file.csv
2023-10-04 14:30:29 INFO  FileProcessor:115 - CSV header: Folder,Create Revision
2023-10-04 14:30:29 INFO  FileProcessor:120 - CSV line: data2,true
2023-10-04 14:30:29 INFO  FileProcessor:127 - Destination folder path: C:\Users\DishaSingh\Documents\destination\data2
2023-10-04 14:30:29 INFO  FileProcessor:202 - Copied and processed data file: file(2).txt
2023-10-04 14:56:43 INFO  FileProcessor:28 - Started processing files from source folder
2023-10-04 14:56:44 INFO  FileProcessor:90 - Processing 2 files whose corresponding csv and data files are present. Skipping 0 files as corresponding CSV or data file was absent.
2023-10-04 14:56:44 INFO  FileProcessor:112 - Reading CSV file: C:\Users\DishaSingh\Documents\source\abc.csv
2023-10-04 14:56:44 INFO  FileProcessor:116 - CSV header: Folder,Create Revision
2023-10-04 14:56:44 INFO  FileProcessor:121 - CSV line: data1,false
2023-10-04 14:56:44 INFO  FileProcessor:195 - File already exists in destination folder: abc.txt
2023-10-04 14:56:44 INFO  FileProcessor:121 - CSV line: 
2023-10-04 14:56:44 INFO  FileProcessor:112 - Reading CSV file: C:\Users\DishaSingh\Documents\source\file.csv
2023-10-04 14:56:44 INFO  FileProcessor:116 - CSV header: Folder,Create Revision
2023-10-04 14:56:44 INFO  FileProcessor:121 - CSV line: data2,true
2023-10-04 14:56:44 INFO  FileProcessor:213 - Copied and processed data file: file(3).txt
2025-03-19 23:24:05 INFO  FileProcessor:28 - Started processing files from source folder
2025-03-19 23:24:05 ERROR FileProcessor:31 - Source folder does not exist or is empty: Source folder does not exist or is empty.
